Using pre-set license
Built from '6000.0/staging' branch; Version is '6000.0.49f1 (840e0a9776d9) revision 8654346'; Using compiler version '193933523'; Build Type 'Release'
OS: 'Windows 11  (10.0.26100) 64bit CoreSingleLanguage' Language: 'ru' Physical Memory: 16108 MB
BatchMode: 1, IsHumanControllingUs: 0, StartBugReporterOnCrash: 0, Is64bit: 1, IsPro: 1

COMMAND LINE ARGUMENTS:
C:\Program Files\Unity\Hub\Editor\6000.0.49f1\Editor\Unity.exe
-adb2
-batchMode
-noUpm
-name
AssetImportWorker3
-projectPath
D:/unity proj/QuizGame_new
-logFile
Logs/AssetImportWorker3.log
-srvPort
61920
-job-worker-count
5
-background-job-worker-count
8
-gc-helper-count
1
Successfully changed project path to: D:/unity proj/QuizGame_new
D:/unity proj/QuizGame_new
[UnityMemory] Configuration Parameters - Can be set up in boot.config
    "memorysetup-bucket-allocator-granularity=16"
    "memorysetup-bucket-allocator-bucket-count=8"
    "memorysetup-bucket-allocator-block-size=33554432"
    "memorysetup-bucket-allocator-block-count=8"
    "memorysetup-main-allocator-block-size=16777216"
    "memorysetup-thread-allocator-block-size=16777216"
    "memorysetup-gfx-main-allocator-block-size=16777216"
    "memorysetup-gfx-thread-allocator-block-size=16777216"
    "memorysetup-cache-allocator-block-size=4194304"
    "memorysetup-typetree-allocator-block-size=2097152"
    "memorysetup-profiler-bucket-allocator-granularity=16"
    "memorysetup-profiler-bucket-allocator-bucket-count=8"
    "memorysetup-profiler-bucket-allocator-block-size=33554432"
    "memorysetup-profiler-bucket-allocator-block-count=8"
    "memorysetup-profiler-allocator-block-size=16777216"
    "memorysetup-profiler-editor-allocator-block-size=1048576"
    "memorysetup-temp-allocator-size-main=16777216"
    "memorysetup-job-temp-allocator-block-size=2097152"
    "memorysetup-job-temp-allocator-block-size-background=1048576"
    "memorysetup-job-temp-allocator-reduction-small-platforms=262144"
    "memorysetup-allocator-temp-initial-block-size-main=262144"
    "memorysetup-allocator-temp-initial-block-size-worker=262144"
    "memorysetup-temp-allocator-size-background-worker=32768"
    "memorysetup-temp-allocator-size-job-worker=262144"
    "memorysetup-temp-allocator-size-preload-manager=33554432"
    "memorysetup-temp-allocator-size-nav-mesh-worker=65536"
    "memorysetup-temp-allocator-size-audio-worker=65536"
    "memorysetup-temp-allocator-size-cloud-worker=32768"
    "memorysetup-temp-allocator-size-gi-baking-worker=262144"
    "memorysetup-temp-allocator-size-gi-baking-worker=262144"
    "memorysetup-temp-allocator-size-gi-baking-worker=262144"
    "memorysetup-temp-allocator-size-gi-baking-worker=262144"
    "memorysetup-temp-allocator-size-gi-baking-worker=262144"
    "memorysetup-temp-allocator-size-gfx=262144"
Player connection [22140]  Target information:

Player connection [22140]  * "[IP] 10.202.12.199 [Port] 0 [Flags] 2 [Guid] 1851451805 [EditorId] 1851451805 [Version] 1048832 [Id] WindowsEditor(7,Aselya) [Debug] 1 [PackageName] WindowsEditor [ProjectName] Editor" 

Player connection [22140] Host joined multi-casting on [225.0.0.222:54997]...
Player connection [22140] Host joined alternative multi-casting on [225.0.0.222:34997]...
JobSystem: Creating JobQueue using job-worker-count value 5
Input System module state changed to: Initialized.
[Physics::Module] Initialized fallback backend.
[Physics::Module] Id: 0xdecafbad
Library Redirect Path: Library/
[Physics::Module] Selected backend.
[Physics::Module] Name: PhysX
[Physics::Module] Id: 0xf2b8ea05
[Physics::Module] SDK Version: 4.1.2
[Physics::Module] Integration Version: 1.0.0
[Physics::Module] Threading Mode: Multi-Threaded
Refreshing native plugins compatible for Editor in 1.44 ms, found 4 plugins.
Preloading 0 native plugins for Editor in 0.00 ms.
Initialize engine version: 6000.0.49f1 (840e0a9776d9)
[Subsystems] Discovering subsystems at path C:/Program Files/Unity/Hub/Editor/6000.0.49f1/Editor/Data/Resources/UnitySubsystems
[Subsystems] Discovering subsystems at path D:/unity proj/QuizGame_new/Assets
GfxDevice: creating device client; kGfxThreadingModeNonThreaded
Direct3D:
    Version:  Direct3D 11.0 [level 11.1]
    Renderer: Intel(R) UHD Graphics (ID=0x46a3)
    Vendor:   Intel
    VRAM:     8054 MB
    Driver:   31.0.101.4502
Initialize mono
Mono path[0] = 'C:/Program Files/Unity/Hub/Editor/6000.0.49f1/Editor/Data/Managed'
Mono path[1] = 'C:/Program Files/Unity/Hub/Editor/6000.0.49f1/Editor/Data/MonoBleedingEdge/lib/mono/unityjit-win32'
Mono config path = 'C:/Program Files/Unity/Hub/Editor/6000.0.49f1/Editor/Data/MonoBleedingEdge/etc'
Using monoOptions --debugger-agent=transport=dt_socket,embedding=1,server=y,suspend=n,address=127.0.0.1:56872
Begin MonoManager ReloadAssembly
Registering precompiled unity dll's ...
Register platform support module: C:/Program Files/Unity/Hub/Editor/6000.0.49f1/Editor/Data/PlaybackEngines/WindowsStandaloneSupport/UnityEditor.WindowsStandalone.Extensions.dll
Registered in 0.002178 seconds.
- Loaded All Assemblies, in  0.326 seconds
Native extension for WindowsStandalone target not found
Mono: successfully reloaded assembly
- Finished resetting the current domain, in  0.269 seconds
Domain Reload Profiling: 594ms
	BeginReloadAssembly (114ms)
		ExecutionOrderSort (0ms)
		DisableScriptedObjects (0ms)
		BackupInstance (0ms)
		ReleaseScriptingObjects (0ms)
		CreateAndSetChildDomain (1ms)
	RebuildCommonClasses (30ms)
	RebuildNativeTypeToScriptingClass (9ms)
	initialDomainReloadingComplete (39ms)
	LoadAllAssembliesAndSetupDomain (132ms)
		LoadAssemblies (112ms)
		RebuildTransferFunctionScriptingTraits (0ms)
		AnalyzeDomain (130ms)
			TypeCache.Refresh (128ms)
				TypeCache.ScanAssembly (116ms)
			BuildScriptInfoCaches (0ms)
			ResolveRequiredComponents (0ms)
	FinalizeReload (269ms)
		ReleaseScriptCaches (0ms)
		RebuildScriptCaches (0ms)
		SetupLoadedEditorAssemblies (234ms)
			LogAssemblyErrors (0ms)
			InitializePlatformSupportModulesInManaged (17ms)
			SetLoadedEditorAssemblies (4ms)
			BeforeProcessingInitializeOnLoad (50ms)
			ProcessInitializeOnLoadAttributes (121ms)
			ProcessInitializeOnLoadMethodAttributes (42ms)
			AfterProcessingInitializeOnLoad (0ms)
			EditorAssembliesLoaded (0ms)
		ExecutionOrderSort2 (0ms)
		AwakeInstancesAfterBackupRestoration (0ms)
========================================================================
Worker process is ready to serve import requests
Import Worker Mode flag is 0x00
Begin MonoManager ReloadAssembly
- Loaded All Assemblies, in  0.647 seconds
Refreshing native plugins compatible for Editor in 0.91 ms, found 4 plugins.
Native extension for WindowsStandalone target not found
Mono: successfully reloaded assembly
- Finished resetting the current domain, in  0.615 seconds
Domain Reload Profiling: 1260ms
	BeginReloadAssembly (134ms)
		ExecutionOrderSort (0ms)
		DisableScriptedObjects (5ms)
		BackupInstance (0ms)
		ReleaseScriptingObjects (0ms)
		CreateAndSetChildDomain (24ms)
	RebuildCommonClasses (28ms)
	RebuildNativeTypeToScriptingClass (8ms)
	initialDomainReloadingComplete (30ms)
	LoadAllAssembliesAndSetupDomain (444ms)
		LoadAssemblies (284ms)
		RebuildTransferFunctionScriptingTraits (0ms)
		AnalyzeDomain (235ms)
			TypeCache.Refresh (174ms)
				TypeCache.ScanAssembly (158ms)
			BuildScriptInfoCaches (49ms)
			ResolveRequiredComponents (10ms)
	FinalizeReload (615ms)
		ReleaseScriptCaches (0ms)
		RebuildScriptCaches (0ms)
		SetupLoadedEditorAssemblies (507ms)
			LogAssemblyErrors (0ms)
			InitializePlatformSupportModulesInManaged (2ms)
			SetLoadedEditorAssemblies (3ms)
			BeforeProcessingInitializeOnLoad (96ms)
			ProcessInitializeOnLoadAttributes (315ms)
			ProcessInitializeOnLoadMethodAttributes (88ms)
			AfterProcessingInitializeOnLoad (3ms)
			EditorAssembliesLoaded (0ms)
		ExecutionOrderSort2 (0ms)
		AwakeInstancesAfterBackupRestoration (5ms)
Launched and connected shader compiler UnityShaderCompiler.exe after 0.01 seconds
Refreshing native plugins compatible for Editor in 0.85 ms, found 4 plugins.
Preloading 0 native plugins for Editor in 0.00 ms.
Unloading 227 Unused Serialized files (Serialized files now loaded: 0)
Unloading 6615 unused Assets / (4.6 MB). Loaded Objects now: 7335.
Memory consumption went from 179.6 MB to 174.9 MB.
Total: 7.842700 ms (FindLiveObjects: 0.523000 ms CreateObjectMapping: 0.481100 ms MarkObjects: 4.625400 ms  DeleteObjects: 2.211900 ms)

========================================================================
Received Import Request.
  Time since last request: 403761.379725 seconds.
  path: Assets/Buttons/PNG/3button_green_middle.png
  artifactKey: Guid(a73ec2992ca135e48987416ecdcdc2c3) Importer(815301076,1909f56bfc062723c751e8b465ee728b)
Start importing Assets/Buttons/PNG/3button_green_middle.png using Guid(a73ec2992ca135e48987416ecdcdc2c3) Importer(815301076,1909f56bfc062723c751e8b465ee728b) (PreviewImporter) -> (artifact id: '62a6468c30b873636ccbf8aac64a21e0') in 0.1207638 seconds
Number of updated asset objects reloaded before import = 0Number of asset objects unloaded after import = 3

========================================================================
Received Import Request.
  Time since last request: 0.000027 seconds.
  path: Assets/Buttons/PNG/6button_green_middle.png
  artifactKey: Guid(a16c91ca6a9a60b4596b57635c8a3e71) Importer(815301076,1909f56bfc062723c751e8b465ee728b)
Start importing Assets/Buttons/PNG/6button_green_middle.png using Guid(a16c91ca6a9a60b4596b57635c8a3e71) Importer(815301076,1909f56bfc062723c751e8b465ee728b) (PreviewImporter) -> (artifact id: '7efe2919b3f1341410c4f6dda04c70a2') in 0.0271396 seconds
Number of updated asset objects reloaded before import = 0Number of asset objects unloaded after import = 3

========================================================================
Received Import Request.
  Time since last request: 0.000024 seconds.
  path: Assets/Buttons/PNG/26Button_Long_Blue.png
  artifactKey: Guid(b9f146537c9d53e449ad8f389525ffe8) Importer(815301076,1909f56bfc062723c751e8b465ee728b)
Start importing Assets/Buttons/PNG/26Button_Long_Blue.png using Guid(b9f146537c9d53e449ad8f389525ffe8) Importer(815301076,1909f56bfc062723c751e8b465ee728b) (PreviewImporter) -> (artifact id: '466127142e0ae11093059c87329b47b2') in 0.032105 seconds
Number of updated asset objects reloaded before import = 0Number of asset objects unloaded after import = 3

========================================================================
Received Import Request.
  Time since last request: 0.000037 seconds.
  path: Assets/Buttons/PNG/22Button_Midl_Green.png
  artifactKey: Guid(bf625ae84f769384fb0cd1cc52d14971) Importer(815301076,1909f56bfc062723c751e8b465ee728b)
Start importing Assets/Buttons/PNG/22Button_Midl_Green.png using Guid(bf625ae84f769384fb0cd1cc52d14971) Importer(815301076,1909f56bfc062723c751e8b465ee728b) (PreviewImporter) -> (artifact id: '3a5bf934bc759543c7f005dc38616921') in 0.024406 seconds
Number of updated asset objects reloaded before import = 0Number of asset objects unloaded after import = 3

========================================================================
Received Import Request.
  Time since last request: 0.000021 seconds.
  path: Assets/Buttons/PNG/27Button_Long_Red.png
  artifactKey: Guid(184fc020424fe944584c02013872e731) Importer(815301076,1909f56bfc062723c751e8b465ee728b)
Start importing Assets/Buttons/PNG/27Button_Long_Red.png using Guid(184fc020424fe944584c02013872e731) Importer(815301076,1909f56bfc062723c751e8b465ee728b) (PreviewImporter) -> (artifact id: '5ee78dae926d3d6d36273b38b0c1b3bf') in 0.0260976 seconds
Number of updated asset objects reloaded before import = 0Number of asset objects unloaded after import = 3

========================================================================
Received Import Request.
  Time since last request: 0.000016 seconds.
  path: Assets/Buttons/PNG/28button_green.png
  artifactKey: Guid(131de190cb93c60499d0da6a2b7c592d) Importer(815301076,1909f56bfc062723c751e8b465ee728b)
Start importing Assets/Buttons/PNG/28button_green.png using Guid(131de190cb93c60499d0da6a2b7c592d) Importer(815301076,1909f56bfc062723c751e8b465ee728b) (PreviewImporter) -> (artifact id: 'd8272f3e260f78d20a05b9977e65152e') in 0.0339326 seconds
Number of updated asset objects reloaded before import = 0Number of asset objects unloaded after import = 3

========================================================================
Received Import Request.
  Time since last request: 120.578588 seconds.
  path: Assets/HONETi/mobile_cartoon_GUI/GUI Elements/Buttons/btn_+_pressed.png
  artifactKey: Guid(f5a1b3ca917a0fa4cbf5695affbb95cf) Importer(815301076,1909f56bfc062723c751e8b465ee728b)
Start importing Assets/HONETi/mobile_cartoon_GUI/GUI Elements/Buttons/btn_+_pressed.png using Guid(f5a1b3ca917a0fa4cbf5695affbb95cf) Importer(815301076,1909f56bfc062723c751e8b465ee728b) (PreviewImporter) -> (artifact id: '586c1adf777fd494de23a9d0600fb6c2') in 0.0310297 seconds
Number of updated asset objects reloaded before import = 0Number of asset objects unloaded after import = 3

========================================================================
Received Import Request.
  Time since last request: 0.000021 seconds.
  path: Assets/HONETi/mobile_cartoon_GUI/GUI Elements/Buttons/btn_round_small_pressed.png
  artifactKey: Guid(811644cf02bf4fe4ba4907e138732f27) Importer(815301076,1909f56bfc062723c751e8b465ee728b)
Start importing Assets/HONETi/mobile_cartoon_GUI/GUI Elements/Buttons/btn_round_small_pressed.png using Guid(811644cf02bf4fe4ba4907e138732f27) Importer(815301076,1909f56bfc062723c751e8b465ee728b) (PreviewImporter) -> (artifact id: 'ee37f5e46b94ac350284b1a1ade0a582') in 0.0254913 seconds
Number of updated asset objects reloaded before import = 0Number of asset objects unloaded after import = 3

========================================================================
Received Import Request.
  Time since last request: 0.000024 seconds.
  path: Assets/HONETi/mobile_cartoon_GUI/GUI Elements/Buttons/btn_round_big_pressed.png
  artifactKey: Guid(cdf0ea7a2f0ce164282bb46f09829e73) Importer(815301076,1909f56bfc062723c751e8b465ee728b)
Start importing Assets/HONETi/mobile_cartoon_GUI/GUI Elements/Buttons/btn_round_big_pressed.png using Guid(cdf0ea7a2f0ce164282bb46f09829e73) Importer(815301076,1909f56bfc062723c751e8b465ee728b) (PreviewImporter) -> (artifact id: '43f73ac46ed041fea48a46ce876d8fb9') in 0.02494 seconds
Number of updated asset objects reloaded before import = 0Number of asset objects unloaded after import = 3

========================================================================
Received Import Request.
  Time since last request: 0.000039 seconds.
  path: Assets/HONETi/mobile_cartoon_GUI/GUI Elements/Buttons/btn_+_reg.png
  artifactKey: Guid(5275457d13ac65e47ab60412cb4ee17b) Importer(815301076,1909f56bfc062723c751e8b465ee728b)
Start importing Assets/HONETi/mobile_cartoon_GUI/GUI Elements/Buttons/btn_+_reg.png using Guid(5275457d13ac65e47ab60412cb4ee17b) Importer(815301076,1909f56bfc062723c751e8b465ee728b) (PreviewImporter) -> (artifact id: 'e896ca9d5ec6f0625f46996ac7985447') in 0.025247 seconds
Number of updated asset objects reloaded before import = 0Number of asset objects unloaded after import = 3

========================================================================
Received Import Request.
  Time since last request: 0.000021 seconds.
  path: Assets/HONETi/mobile_cartoon_GUI/GUI Elements/Buttons/btn_big.png
  artifactKey: Guid(8b0164b2762b2a74e943687851008211) Importer(815301076,1909f56bfc062723c751e8b465ee728b)
Start importing Assets/HONETi/mobile_cartoon_GUI/GUI Elements/Buttons/btn_big.png using Guid(8b0164b2762b2a74e943687851008211) Importer(815301076,1909f56bfc062723c751e8b465ee728b) (PreviewImporter) -> (artifact id: 'dfc83840f55aefeb743b0e68bf7311ab') in 0.032227 seconds
Number of updated asset objects reloaded before import = 0Number of asset objects unloaded after import = 3

========================================================================
Received Import Request.
  Time since last request: 0.000021 seconds.
  path: Assets/HONETi/mobile_cartoon_GUI/GUI Elements/Buttons/btn_round_big.png
  artifactKey: Guid(7bfba88e1fb78d74e9146d5f44043c3a) Importer(815301076,1909f56bfc062723c751e8b465ee728b)
Start importing Assets/HONETi/mobile_cartoon_GUI/GUI Elements/Buttons/btn_round_big.png using Guid(7bfba88e1fb78d74e9146d5f44043c3a) Importer(815301076,1909f56bfc062723c751e8b465ee728b) (PreviewImporter) -> (artifact id: '8051131ab4a568a5a3c30bd45ce5c768') in 0.0269976 seconds
Number of updated asset objects reloaded before import = 0Number of asset objects unloaded after import = 3

========================================================================
Received Import Request.
  Time since last request: 0.000022 seconds.
  path: Assets/HONETi/mobile_cartoon_GUI/GUI Elements/Buttons/btn_big_hover.png
  artifactKey: Guid(3007649d61e1e364a80d055c26639ebf) Importer(815301076,1909f56bfc062723c751e8b465ee728b)
Start importing Assets/HONETi/mobile_cartoon_GUI/GUI Elements/Buttons/btn_big_hover.png using Guid(3007649d61e1e364a80d055c26639ebf) Importer(815301076,1909f56bfc062723c751e8b465ee728b) (PreviewImporter) -> (artifact id: '89b9c67acba74ccd5c81af96fc3f5f89') in 0.0244614 seconds
Number of updated asset objects reloaded before import = 0Number of asset objects unloaded after import = 3

========================================================================
Received Import Request.
  Time since last request: 0.000026 seconds.
  path: Assets/HONETi/mobile_cartoon_GUI/GUI Elements/Buttons/btn_-_reg.png
  artifactKey: Guid(11d5273305926bc43be579590ce733ca) Importer(815301076,1909f56bfc062723c751e8b465ee728b)
Start importing Assets/HONETi/mobile_cartoon_GUI/GUI Elements/Buttons/btn_-_reg.png using Guid(11d5273305926bc43be579590ce733ca) Importer(815301076,1909f56bfc062723c751e8b465ee728b) (PreviewImporter) -> (artifact id: 'fd34416e36c2ac991c66a6520ed3b181') in 0.0285418 seconds
Number of updated asset objects reloaded before import = 0Number of asset objects unloaded after import = 3

========================================================================
Received Import Request.
  Time since last request: 8.127329 seconds.
  path: Assets/Buttons/buttons_Back.png
  artifactKey: Guid(a3d7e7cfe6097ac49970377cbf78158f) Importer(815301076,1909f56bfc062723c751e8b465ee728b)
Start importing Assets/Buttons/buttons_Back.png using Guid(a3d7e7cfe6097ac49970377cbf78158f) Importer(815301076,1909f56bfc062723c751e8b465ee728b) (PreviewImporter) -> (artifact id: 'e2fccf65818c056945e9d894aa7e4005') in 0.048419 seconds
Number of updated asset objects reloaded before import = 0Number of asset objects unloaded after import = 3

========================================================================
Received Import Request.
  Time since last request: 193.328482 seconds.
  path: Assets/TextMesh Pro/Examples & Extras/Resources/Fonts & Materials/CHICKEN Pie Height SDF.asset
  artifactKey: Guid(aa16476c46b4ba940b2fecbdbe008abf) Importer(815301076,1909f56bfc062723c751e8b465ee728b)
Start importing Assets/TextMesh Pro/Examples & Extras/Resources/Fonts & Materials/CHICKEN Pie Height SDF.asset using Guid(aa16476c46b4ba940b2fecbdbe008abf) Importer(815301076,1909f56bfc062723c751e8b465ee728b) (PreviewImporter) -> (artifact id: 'adeb75e70e7ab48d2bed6cad9014537f') in 0.4320719 seconds
Number of updated asset objects reloaded before import = 0Number of asset objects unloaded after import = 6

========================================================================
Received Import Request.
  Time since last request: 547.961394 seconds.
  path: Assets/Sounds/goodresult-82807.mp3
  artifactKey: Guid(f4e5e4e549a5fbf4b97f68f170f9af6c) Importer(815301076,1909f56bfc062723c751e8b465ee728b)
Start importing Assets/Sounds/goodresult-82807.mp3 using Guid(f4e5e4e549a5fbf4b97f68f170f9af6c) Importer(815301076,1909f56bfc062723c751e8b465ee728b) (PreviewImporter) -> (artifact id: '5e68fe3e5c7cc35b39af504cd911b3cb') in 0.083552 seconds
Number of updated asset objects reloaded before import = 0Number of asset objects unloaded after import = 2

========================================================================
Received Import Request.
  Time since last request: 360.157701 seconds.
  path: Assets/images/100258419-sweet-pink-flat-candy-game-background.jpg
  artifactKey: Guid(e605f2dcb67349741b84c5064049a0f1) Importer(815301076,1909f56bfc062723c751e8b465ee728b)
Start importing Assets/images/100258419-sweet-pink-flat-candy-game-background.jpg using Guid(e605f2dcb67349741b84c5064049a0f1) Importer(815301076,1909f56bfc062723c751e8b465ee728b) (PreviewImporter) -> (artifact id: '4f2cfe4b3124e48733eaaf5c9d32645c') in 0.0386038 seconds
Number of updated asset objects reloaded before import = 0Number of asset objects unloaded after import = 3

========================================================================
Received Import Request.
  Time since last request: 0.000094 seconds.
  path: Assets/images/Sweet Cartoon Candy Background, Pc Wallpaper, Pink, Candy Background Image And Wallpaper for Free Download.jpg
  artifactKey: Guid(65df6bbac80a5d045a01b3ba0f724106) Importer(815301076,1909f56bfc062723c751e8b465ee728b)
Start importing Assets/images/Sweet Cartoon Candy Background, Pc Wallpaper, Pink, Candy Background Image And Wallpaper for Free Download.jpg using Guid(65df6bbac80a5d045a01b3ba0f724106) Importer(815301076,1909f56bfc062723c751e8b465ee728b) (PreviewImporter) -> (artifact id: '7a51c8e14faeb5f23c888bf5f7fd40fe') in 0.0342684 seconds
Number of updated asset objects reloaded before import = 0Number of asset objects unloaded after import = 3

========================================================================
Received Import Request.
  Time since last request: 0.000030 seconds.
  path: Assets/images/Skittles Jelly Beans Candy Background, Rainbow Candy, Fruit Candy, Love Background Image And Wallpaper for Free Download.jpg
  artifactKey: Guid(086356485e3f3c84ab2a5c5eae5872d9) Importer(815301076,1909f56bfc062723c751e8b465ee728b)
Start importing Assets/images/Skittles Jelly Beans Candy Background, Rainbow Candy, Fruit Candy, Love Background Image And Wallpaper for Free Download.jpg using Guid(086356485e3f3c84ab2a5c5eae5872d9) Importer(815301076,1909f56bfc062723c751e8b465ee728b) (PreviewImporter) -> (artifact id: 'a47f5022bb5635d7161fbcec8cddbfed') in 0.0321767 seconds
Number of updated asset objects reloaded before import = 0Number of asset objects unloaded after import = 3

========================================================================
Received Import Request.
  Time since last request: 0.000034 seconds.
  path: Assets/images/korea1.jpg
  artifactKey: Guid(1e5a43baf979ffe4b8b40a4696cd8674) Importer(815301076,1909f56bfc062723c751e8b465ee728b)
Start importing Assets/images/korea1.jpg using Guid(1e5a43baf979ffe4b8b40a4696cd8674) Importer(815301076,1909f56bfc062723c751e8b465ee728b) (PreviewImporter) -> (artifact id: '60f559139d32e0878ed578d31d895afb') in 0.0304443 seconds
Number of updated asset objects reloaded before import = 0Number of asset objects unloaded after import = 3

Editor requested this worker to shutdown with reason: Scaling down because of idle timeout
AssetImportWorker is now disconnected from the server
Process exiting
Exiting without the bug reporter. Application will terminate with return code 0